2014-03-24 23:28:59,465 INFO saving feature...
2014-03-24 23:28:59,465 INFO feature saved as feature.pkl
2014-03-24 23:28:59,465 DEBUG feature used...
2014-03-24 23:28:59,465 DEBUG ['code', 'all', 'CODE', '%', '$', 'get', 'URL', 'price', 'sale', 'free', 'NUM', 'shipping', 'buy', 'save', 'pillow']
2014-03-24 23:28:59,603 INFO Best parameters set found on training set:
2014-03-24 23:28:59,603 INFO SVC(C=256, cache_size=200, coef0=0.0, degree=3, gamma=0.001, kernel=rbf,
  probability=False, scale_C=False, shrinking=True, tol=0.001)
2014-03-24 23:28:59,603 DEBUG Grid scores on training set:
2014-03-24 23:28:59,603 DEBUG 0.500 (+/-0.500) for {'kernel': 'rbf', 'C': 1, 'gamma': 0.001}
2014-03-24 23:28:59,604 DEBUG 0.500 (+/-0.500) for {'kernel': 'rbf', 'C': 1, 'gamma': 0.0001}
2014-03-24 23:28:59,604 DEBUG 0.500 (+/-0.500) for {'kernel': 'rbf', 'C': 2, 'gamma': 0.001}
2014-03-24 23:28:59,604 DEBUG 0.500 (+/-0.500) for {'kernel': 'rbf', 'C': 2, 'gamma': 0.0001}
2014-03-24 23:28:59,604 DEBUG 0.500 (+/-0.500) for {'kernel': 'rbf', 'C': 4, 'gamma': 0.001}
2014-03-24 23:28:59,604 DEBUG 0.500 (+/-0.500) for {'kernel': 'rbf', 'C': 4, 'gamma': 0.0001}
2014-03-24 23:28:59,604 DEBUG 0.500 (+/-0.500) for {'kernel': 'rbf', 'C': 8, 'gamma': 0.001}
2014-03-24 23:28:59,604 DEBUG 0.500 (+/-0.500) for {'kernel': 'rbf', 'C': 8, 'gamma': 0.0001}
2014-03-24 23:28:59,604 DEBUG 0.500 (+/-0.500) for {'kernel': 'rbf', 'C': 16, 'gamma': 0.001}
2014-03-24 23:28:59,604 DEBUG 0.500 (+/-0.500) for {'kernel': 'rbf', 'C': 16, 'gamma': 0.0001}
2014-03-24 23:28:59,604 DEBUG 0.500 (+/-0.500) for {'kernel': 'rbf', 'C': 32, 'gamma': 0.001}
2014-03-24 23:28:59,604 DEBUG 0.500 (+/-0.500) for {'kernel': 'rbf', 'C': 32, 'gamma': 0.0001}
2014-03-24 23:28:59,604 DEBUG 0.533 (+/-0.533) for {'kernel': 'rbf', 'C': 64, 'gamma': 0.001}
2014-03-24 23:28:59,604 DEBUG 0.500 (+/-0.500) for {'kernel': 'rbf', 'C': 64, 'gamma': 0.0001}
2014-03-24 23:28:59,604 DEBUG 0.583 (+/-0.583) for {'kernel': 'rbf', 'C': 128, 'gamma': 0.001}
2014-03-24 23:28:59,604 DEBUG 0.500 (+/-0.500) for {'kernel': 'rbf', 'C': 128, 'gamma': 0.0001}
2014-03-24 23:28:59,604 DEBUG 0.617 (+/-0.617) for {'kernel': 'rbf', 'C': 256, 'gamma': 0.001}
2014-03-24 23:28:59,604 DEBUG 0.500 (+/-0.500) for {'kernel': 'rbf', 'C': 256, 'gamma': 0.0001}
2014-03-24 23:28:59,604 DEBUG 0.617 (+/-0.617) for {'kernel': 'rbf', 'C': 512, 'gamma': 0.001}
2014-03-24 23:28:59,604 DEBUG 0.533 (+/-0.533) for {'kernel': 'rbf', 'C': 512, 'gamma': 0.0001}
2014-03-24 23:28:59,604 DEBUG 0.617 (+/-0.617) for {'kernel': 'rbf', 'C': 1024, 'gamma': 0.001}
2014-03-24 23:28:59,604 DEBUG 0.583 (+/-0.583) for {'kernel': 'rbf', 'C': 1024, 'gamma': 0.0001}
2014-03-24 23:28:59,604 DEBUG 0.617 (+/-0.617) for {'kernel': 'linear', 'C': 1}
2014-03-24 23:28:59,604 DEBUG 0.617 (+/-0.617) for {'kernel': 'linear', 'C': 2}
2014-03-24 23:28:59,604 DEBUG 0.617 (+/-0.617) for {'kernel': 'linear', 'C': 4}
2014-03-24 23:28:59,604 DEBUG 0.617 (+/-0.617) for {'kernel': 'linear', 'C': 8}
2014-03-24 23:28:59,604 DEBUG 0.617 (+/-0.617) for {'kernel': 'linear', 'C': 16}
2014-03-24 23:28:59,604 DEBUG 0.617 (+/-0.617) for {'kernel': 'linear', 'C': 32}
2014-03-24 23:28:59,604 DEBUG 0.617 (+/-0.617) for {'kernel': 'linear', 'C': 64}
2014-03-24 23:28:59,604 DEBUG 0.617 (+/-0.617) for {'kernel': 'linear', 'C': 128}
2014-03-24 23:28:59,604 DEBUG 0.617 (+/-0.617) for {'kernel': 'linear', 'C': 256}
2014-03-24 23:28:59,604 DEBUG 0.617 (+/-0.617) for {'kernel': 'linear', 'C': 512}
2014-03-24 23:28:59,604 DEBUG 0.617 (+/-0.617) for {'kernel': 'linear', 'C': 1024}
2014-03-24 23:28:59,604 INFO Performance on training data:
2014-03-24 23:28:59,605 INFO              precision    recall  f1-score   support

          0       0.59      1.00      0.74        30
          1       1.00      0.30      0.46        30

avg / total       0.79      0.65      0.60        60

2014-03-24 23:28:59,605 INFO saving model...
2014-03-24 23:28:59,606 INFO model saved as task3.model.pkl
2014-03-24 23:28:59,733 INFO saving feature...
2014-03-24 23:28:59,733 INFO feature saved as newfeature.pkl
2014-03-24 23:28:59,733 DEBUG feature used...
2014-03-24 23:28:59,733 DEBUG ['code', 'all', 'CODE', '%', '$', 'get', 'URL', 'sale', 'free', 'coupon', 'NUM', 'shipping', 'off', 'save', 'pillow']
2014-03-24 23:28:59,829 INFO Best parameters set found on training set:
2014-03-24 23:28:59,829 INFO SVC(C=128, cache_size=200, coef0=0.0, degree=3, gamma=0.001, kernel=rbf,
  probability=False, scale_C=False, shrinking=True, tol=0.001)
2014-03-24 23:28:59,829 DEBUG Grid scores on training set:
2014-03-24 23:28:59,829 DEBUG 0.640 (+/-0.640) for {'kernel': 'rbf', 'C': 1, 'gamma': 0.001}
2014-03-24 23:28:59,829 DEBUG 0.640 (+/-0.640) for {'kernel': 'rbf', 'C': 1, 'gamma': 0.0001}
2014-03-24 23:28:59,829 DEBUG 0.640 (+/-0.640) for {'kernel': 'rbf', 'C': 2, 'gamma': 0.001}
2014-03-24 23:28:59,829 DEBUG 0.640 (+/-0.640) for {'kernel': 'rbf', 'C': 2, 'gamma': 0.0001}
2014-03-24 23:28:59,829 DEBUG 0.640 (+/-0.640) for {'kernel': 'rbf', 'C': 4, 'gamma': 0.001}
2014-03-24 23:28:59,829 DEBUG 0.640 (+/-0.640) for {'kernel': 'rbf', 'C': 4, 'gamma': 0.0001}
2014-03-24 23:28:59,830 DEBUG 0.640 (+/-0.640) for {'kernel': 'rbf', 'C': 8, 'gamma': 0.001}
2014-03-24 23:28:59,830 DEBUG 0.640 (+/-0.640) for {'kernel': 'rbf', 'C': 8, 'gamma': 0.0001}
2014-03-24 23:28:59,830 DEBUG 0.640 (+/-0.640) for {'kernel': 'rbf', 'C': 16, 'gamma': 0.001}
2014-03-24 23:28:59,830 DEBUG 0.640 (+/-0.640) for {'kernel': 'rbf', 'C': 16, 'gamma': 0.0001}
2014-03-24 23:28:59,830 DEBUG 0.662 (+/-0.662) for {'kernel': 'rbf', 'C': 32, 'gamma': 0.001}
2014-03-24 23:28:59,830 DEBUG 0.640 (+/-0.640) for {'kernel': 'rbf', 'C': 32, 'gamma': 0.0001}
2014-03-24 23:28:59,830 DEBUG 0.702 (+/-0.702) for {'kernel': 'rbf', 'C': 64, 'gamma': 0.001}
2014-03-24 23:28:59,830 DEBUG 0.640 (+/-0.640) for {'kernel': 'rbf', 'C': 64, 'gamma': 0.0001}
2014-03-24 23:28:59,830 DEBUG 0.787 (+/-0.787) for {'kernel': 'rbf', 'C': 128, 'gamma': 0.001}
2014-03-24 23:28:59,830 DEBUG 0.640 (+/-0.640) for {'kernel': 'rbf', 'C': 128, 'gamma': 0.0001}
2014-03-24 23:28:59,830 DEBUG 0.787 (+/-0.787) for {'kernel': 'rbf', 'C': 256, 'gamma': 0.001}
2014-03-24 23:28:59,830 DEBUG 0.640 (+/-0.640) for {'kernel': 'rbf', 'C': 256, 'gamma': 0.0001}
2014-03-24 23:28:59,830 DEBUG 0.787 (+/-0.787) for {'kernel': 'rbf', 'C': 512, 'gamma': 0.001}
2014-03-24 23:28:59,830 DEBUG 0.702 (+/-0.702) for {'kernel': 'rbf', 'C': 512, 'gamma': 0.0001}
2014-03-24 23:28:59,830 DEBUG 0.787 (+/-0.787) for {'kernel': 'rbf', 'C': 1024, 'gamma': 0.001}
2014-03-24 23:28:59,830 DEBUG 0.747 (+/-0.747) for {'kernel': 'rbf', 'C': 1024, 'gamma': 0.0001}
2014-03-24 23:28:59,830 DEBUG 0.787 (+/-0.787) for {'kernel': 'linear', 'C': 1}
2014-03-24 23:28:59,830 DEBUG 0.787 (+/-0.787) for {'kernel': 'linear', 'C': 2}
2014-03-24 23:28:59,830 DEBUG 0.787 (+/-0.787) for {'kernel': 'linear', 'C': 4}
2014-03-24 23:28:59,830 DEBUG 0.787 (+/-0.787) for {'kernel': 'linear', 'C': 8}
2014-03-24 23:28:59,830 DEBUG 0.787 (+/-0.787) for {'kernel': 'linear', 'C': 16}
2014-03-24 23:28:59,830 DEBUG 0.787 (+/-0.787) for {'kernel': 'linear', 'C': 32}
2014-03-24 23:28:59,830 DEBUG 0.787 (+/-0.787) for {'kernel': 'linear', 'C': 64}
2014-03-24 23:28:59,830 DEBUG 0.787 (+/-0.787) for {'kernel': 'linear', 'C': 128}
2014-03-24 23:28:59,830 DEBUG 0.787 (+/-0.787) for {'kernel': 'linear', 'C': 256}
2014-03-24 23:28:59,830 DEBUG 0.787 (+/-0.787) for {'kernel': 'linear', 'C': 512}
2014-03-24 23:28:59,830 DEBUG 0.787 (+/-0.787) for {'kernel': 'linear', 'C': 1024}
2014-03-24 23:28:59,830 INFO Performance on training data:
2014-03-24 23:28:59,831 INFO              precision    recall  f1-score   support

          0       0.75      1.00      0.86        30
          1       1.00      0.41      0.58        17

avg / total       0.84      0.79      0.76        47

2014-03-24 23:28:59,831 INFO saving model...
2014-03-24 23:28:59,831 INFO model saved as new.task3.model.pkl
