
Best parameters set found on training set:
SVC(C=2, cache_size=200, coef0=0.0, degree=3, gamma=0.0, kernel=linear,
  probability=False, scale_C=False, shrinking=True, tol=0.001)

Grid scores on training set:
{'kernel': 'rbf', 'C': 1, 'gamma': 0.001} 0.633333333333 [0.58333333333333337, 0.66666666666666663, 0.75, 0.41666666666666669, 0.75]
{'kernel': 'rbf', 'C': 1, 'gamma': 0.0001} 0.633333333333 [0.58333333333333337, 0.66666666666666663, 0.75, 0.41666666666666669, 0.75]
{'kernel': 'rbf', 'C': 2, 'gamma': 0.001} 0.633333333333 [0.58333333333333337, 0.66666666666666663, 0.75, 0.41666666666666669, 0.75]
{'kernel': 'rbf', 'C': 2, 'gamma': 0.0001} 0.633333333333 [0.58333333333333337, 0.66666666666666663, 0.75, 0.41666666666666669, 0.75]
{'kernel': 'rbf', 'C': 4, 'gamma': 0.001} 0.633333333333 [0.58333333333333337, 0.66666666666666663, 0.75, 0.41666666666666669, 0.75]
{'kernel': 'rbf', 'C': 4, 'gamma': 0.0001} 0.633333333333 [0.58333333333333337, 0.66666666666666663, 0.75, 0.41666666666666669, 0.75]
{'kernel': 'rbf', 'C': 8, 'gamma': 0.001} 0.633333333333 [0.58333333333333337, 0.66666666666666663, 0.75, 0.41666666666666669, 0.75]
{'kernel': 'rbf', 'C': 8, 'gamma': 0.0001} 0.633333333333 [0.58333333333333337, 0.66666666666666663, 0.75, 0.41666666666666669, 0.75]
{'kernel': 'rbf', 'C': 16, 'gamma': 0.001} 0.633333333333 [0.58333333333333337, 0.66666666666666663, 0.75, 0.41666666666666669, 0.75]
{'kernel': 'rbf', 'C': 16, 'gamma': 0.0001} 0.633333333333 [0.58333333333333337, 0.66666666666666663, 0.75, 0.41666666666666669, 0.75]
{'kernel': 'rbf', 'C': 32, 'gamma': 0.001} 0.633333333333 [0.58333333333333337, 0.66666666666666663, 0.75, 0.41666666666666669, 0.75]
{'kernel': 'rbf', 'C': 32, 'gamma': 0.0001} 0.633333333333 [0.58333333333333337, 0.66666666666666663, 0.75, 0.41666666666666669, 0.75]
{'kernel': 'rbf', 'C': 64, 'gamma': 0.001} 0.666666666667 [0.58333333333333337, 0.83333333333333337, 0.58333333333333337, 0.66666666666666663, 0.66666666666666663]
{'kernel': 'rbf', 'C': 64, 'gamma': 0.0001} 0.633333333333 [0.58333333333333337, 0.66666666666666663, 0.75, 0.41666666666666669, 0.75]
{'kernel': 'rbf', 'C': 128, 'gamma': 0.001} 0.716666666667 [0.66666666666666663, 0.75, 0.66666666666666663, 0.75, 0.75]
{'kernel': 'rbf', 'C': 128, 'gamma': 0.0001} 0.633333333333 [0.58333333333333337, 0.66666666666666663, 0.75, 0.41666666666666669, 0.75]
{'kernel': 'rbf', 'C': 256, 'gamma': 0.001} 0.733333333333 [0.66666666666666663, 0.83333333333333337, 0.66666666666666663, 0.66666666666666663, 0.83333333333333337]
{'kernel': 'rbf', 'C': 256, 'gamma': 0.0001} 0.633333333333 [0.58333333333333337, 0.66666666666666663, 0.75, 0.41666666666666669, 0.75]
{'kernel': 'rbf', 'C': 512, 'gamma': 0.001} 0.716666666667 [0.66666666666666663, 0.83333333333333337, 0.5, 0.75, 0.83333333333333337]
{'kernel': 'rbf', 'C': 512, 'gamma': 0.0001} 0.65 [0.58333333333333337, 0.83333333333333337, 0.58333333333333337, 0.58333333333333337, 0.66666666666666663]
{'kernel': 'rbf', 'C': 1024, 'gamma': 0.001} 0.733333333333 [0.66666666666666663, 0.83333333333333337, 0.58333333333333337, 0.75, 0.83333333333333337]
{'kernel': 'rbf', 'C': 1024, 'gamma': 0.0001} 0.716666666667 [0.66666666666666663, 0.75, 0.66666666666666663, 0.75, 0.75]
{'kernel': 'linear', 'C': 1} 0.716666666667 [0.66666666666666663, 0.83333333333333337, 0.5, 0.75, 0.83333333333333337]
{'kernel': 'linear', 'C': 2} 0.75 [0.66666666666666663, 0.83333333333333337, 0.66666666666666663, 0.75, 0.83333333333333337]
{'kernel': 'linear', 'C': 4} 0.75 [0.66666666666666663, 0.83333333333333337, 0.58333333333333337, 0.83333333333333337, 0.83333333333333337]
{'kernel': 'linear', 'C': 8} 0.733333333333 [0.66666666666666663, 0.75, 0.58333333333333337, 0.83333333333333337, 0.83333333333333337]
{'kernel': 'linear', 'C': 16} 0.733333333333 [0.66666666666666663, 0.75, 0.58333333333333337, 0.83333333333333337, 0.83333333333333337]
{'kernel': 'linear', 'C': 32} 0.733333333333 [0.66666666666666663, 0.75, 0.58333333333333337, 0.83333333333333337, 0.83333333333333337]
{'kernel': 'linear', 'C': 64} 0.733333333333 [0.66666666666666663, 0.75, 0.58333333333333337, 0.83333333333333337, 0.83333333333333337]
{'kernel': 'linear', 'C': 128} 0.733333333333 [0.66666666666666663, 0.75, 0.58333333333333337, 0.83333333333333337, 0.83333333333333337]
{'kernel': 'linear', 'C': 256} 0.733333333333 [0.66666666666666663, 0.75, 0.58333333333333337, 0.83333333333333337, 0.83333333333333337]
{'kernel': 'linear', 'C': 512} 0.733333333333 [0.66666666666666663, 0.75, 0.58333333333333337, 0.83333333333333337, 0.83333333333333337]
{'kernel': 'linear', 'C': 1024} 0.733333333333 [0.66666666666666663, 0.75, 0.58333333333333337, 0.83333333333333337, 0.83333333333333337]

Performance on test data:
             precision    recall  f1-score   support

          0       0.77      1.00      0.87        30
          1       1.00      0.70      0.82        30

avg / total       0.88      0.85      0.85        60


Performance on test data:
             precision    recall  f1-score   support

          0       0.86      0.90      0.88        41
          1       0.73      0.65      0.69        17

avg / total       0.82      0.83      0.82        58

